This is pdfTeX, Version 3.1415926-1.40.10 (TeX Live 2009) (format=pdflatex 2009.11.17)  11 DEC 2011 21:06
entering extended mode
 file:line:error style messages enabled.
 %&-line parsing enabled.
**eqs.tex
(./eqs.tex
LaTeX2e <2009/09/24>
Babel <v3.8l> and hyphenation patterns for english, usenglishmax, dumylang, noh
yphenation, basque, danish, dutch, finnish, french, german, ngerman, hungarian,
 italian, bokmal, nynorsk, polish, portuguese, spanish, swedish, ukenglish, loa
ded.
(/usr/local/texlive/2009basic/texmf-dist/tex/latex/base/article.cls
Document Class: article 2007/10/19 v1.4h Standard LaTeX document class
(/usr/local/texlive/2009basic/texmf-dist/tex/latex/base/size10.clo
File: size10.clo 2007/10/19 v1.4h Standard LaTeX file (size option)
)
\c@part=\count79
\c@section=\count80
\c@subsection=\count81
\c@subsubsection=\count82
\c@paragraph=\count83
\c@subparagraph=\count84
\c@figure=\count85
\c@table=\count86
\abovecaptionskip=\skip41
\belowcaptionskip=\skip42
\bibindent=\dimen102
)
(/usr/local/texlive/2009basic/texmf-dist/tex/latex/geometry/geometry.sty
Package: geometry 2008/12/21 v4.2 Page Geometry

(/usr/local/texlive/2009basic/texmf-dist/tex/latex/graphics/keyval.sty
Package: keyval 1999/03/16 v1.13 key=value parser (DPC)
\KV@toks@=\toks14
)
(/usr/local/texlive/2009basic/texmf-dist/tex/generic/oberdiek/ifpdf.sty
Package: ifpdf 2009/04/10 v2.0 Provides the ifpdf switch (HO)
Package ifpdf Info: pdfTeX in pdf mode detected.
)
(/usr/local/texlive/2009basic/texmf-dist/tex/generic/oberdiek/ifvtex.sty
Package: ifvtex 2008/11/04 v1.4 Switches for detecting VTeX and its modes (HO)
Package ifvtex Info: VTeX not detected.
)
\Gm@cnth=\count87
\Gm@cntv=\count88
\c@Gm@tempcnt=\count89
\Gm@bindingoffset=\dimen103
\Gm@wd@mp=\dimen104
\Gm@odd@mp=\dimen105
\Gm@even@mp=\dimen106
\Gm@dimlist=\toks15

(/usr/local/texlive/2009basic/texmf-dist/tex/xelatex/xetexconfig/geometry.cfg))
(/usr/local/texlive/2009basic/texmf-dist/tex/latex/ltxmisc/parskip.sty
Package: parskip 2001/04/09 non-zero parskip adjustments
)
(/usr/local/texlive/2009basic/texmf-dist/tex/latex/graphics/graphicx.sty
Package: graphicx 1999/02/16 v1.0f Enhanced LaTeX Graphics (DPC,SPQR)

(/usr/local/texlive/2009basic/texmf-dist/tex/latex/graphics/graphics.sty
Package: graphics 2009/02/05 v1.0o Standard LaTeX Graphics (DPC,SPQR)

(/usr/local/texlive/2009basic/texmf-dist/tex/latex/graphics/trig.sty
Package: trig 1999/03/16 v1.09 sin cos tan (DPC)
)
(/usr/local/texlive/2009basic/texmf-dist/tex/latex/latexconfig/graphics.cfg
File: graphics.cfg 2009/08/28 v1.8 graphics configuration of TeX Live
)
Package graphics Info: Driver file: pdftex.def on input line 91.

(/usr/local/texlive/2009basic/texmf-dist/tex/latex/pdftex-def/pdftex.def
File: pdftex.def 2009/08/25 v0.04m Graphics/color for pdfTeX
\Gread@gobject=\count90
))
\Gin@req@height=\dimen107
\Gin@req@width=\dimen108
)
(/usr/local/texlive/2009basic/texmf-dist/tex/latex/amsfonts/amssymb.sty
Package: amssymb 2009/06/22 v3.00

(/usr/local/texlive/2009basic/texmf-dist/tex/latex/amsfonts/amsfonts.sty
Package: amsfonts 2009/06/22 v3.00 Basic AMSFonts support
\@emptytoks=\toks16
\symAMSa=\mathgroup4
\symAMSb=\mathgroup5
LaTeX Font Info:    Overwriting math alphabet `\mathfrak' in version `bold'
(Font)                  U/euf/m/n --> U/euf/b/n on input line 96.
))
(/usr/local/texlive/2009basic/texmf-dist/tex/latex/oberdiek/epstopdf.sty
Package: epstopdf 2009/10/17 v2.4 Conversion with epstopdf on the fly (HO)

(/usr/local/texlive/2009basic/texmf-dist/tex/latex/oberdiek/epstopdf-base.sty
Package: epstopdf-base 2009/10/17 v2.4 Base part for package epstopdf

(/usr/local/texlive/2009basic/texmf-dist/tex/generic/oberdiek/infwarerr.sty
Package: infwarerr 2007/09/09 v1.2 Providing info/warning/message (HO)
)
(/usr/local/texlive/2009basic/texmf-dist/tex/latex/oberdiek/grfext.sty
Package: grfext 2007/09/30 v1.0 Managing graphics extensions (HO)
)
(/usr/local/texlive/2009basic/texmf-dist/tex/latex/oberdiek/kvoptions.sty
Package: kvoptions 2009/08/13 v3.4 Keyval support for LaTeX options (HO)

(/usr/local/texlive/2009basic/texmf-dist/tex/generic/oberdiek/kvsetkeys.sty
Package: kvsetkeys 2009/07/30 v1.5 Key value parser with default handler suppor
t (HO)

(/usr/local/texlive/2009basic/texmf-dist/tex/generic/oberdiek/etexcmds.sty
Package: etexcmds 2007/12/12 v1.2 Prefix for e-TeX command names (HO)
Package etexcmds Info: Could not find \expanded.
(etexcmds)             That can mean that you are not using pdfTeX 1.50 or
(etexcmds)             that some package has redefined \expanded.
(etexcmds)             In the latter case, load this package earlier.
)))
(/usr/local/texlive/2009basic/texmf-dist/tex/generic/oberdiek/pdftexcmds.sty
Package: pdftexcmds 2009/09/23 v0.6 LuaTeX support for pdfTeX utility functions
 (HO)

(/usr/local/texlive/2009basic/texmf-dist/tex/generic/oberdiek/ifluatex.sty
Package: ifluatex 2009/04/17 v1.2 Provides the ifluatex switch (HO)
Package ifluatex Info: LuaTeX not detected.
)
(/usr/local/texlive/2009basic/texmf-dist/tex/generic/oberdiek/ltxcmds.sty
Package: ltxcmds 2009/08/05 v1.0 Some LaTeX kernel commands for general use (HO
)
)
Package pdftexcmds Info: LuaTeX not detected.
Package pdftexcmds Info: \pdf@primitive is available.
Package pdftexcmds Info: \pdf@ifprimitive is available.
)

Package epstopdf Warning: Shell escape feature is not enabled.

Package grfext Info: Graphics extension search list:
(grfext)             [.png,.pdf,.jpg,.mps,.jpeg,.jbig2,.jb2,.PNG,.PDF,.JPG,.JPE
G,.JBIG2,.JB2,.eps]
(grfext)             \AppendGraphicsExtensions on input line 433.

(/usr/local/texlive/2009basic/texmf-dist/tex/latex/latexconfig/epstopdf-sys.cfg
File: epstopdf-sys.cfg 2009/10/26 v1.1 Configuration of epstopdf for TeX Live
))) (/Users/type/Library/texmf/tex/latex/apa/apacite.sty
Package: apacite 2009/03/01 v4.05 APA citation
\c@BibCnt=\count91
\bibleftmargin=\skip43
\bibindent=\skip44
\bibparsep=\skip45
\bibitemsep=\skip46
) (./eqs.aux)
\openout1 = `eqs.aux'.

LaTeX Font Info:    Checking defaults for OML/cmm/m/it on input line 24.
LaTeX Font Info:    ... okay on input line 24.
LaTeX Font Info:    Checking defaults for T1/cmr/m/n on input line 24.
LaTeX Font Info:    ... okay on input line 24.
LaTeX Font Info:    Checking defaults for OT1/cmr/m/n on input line 24.
LaTeX Font Info:    ... okay on input line 24.
LaTeX Font Info:    Checking defaults for OMS/cmsy/m/n on input line 24.
LaTeX Font Info:    ... okay on input line 24.
LaTeX Font Info:    Checking defaults for OMX/cmex/m/n on input line 24.
LaTeX Font Info:    ... okay on input line 24.
LaTeX Font Info:    Checking defaults for U/cmr/m/n on input line 24.
LaTeX Font Info:    ... okay on input line 24.

*geometry auto-detecting driver*
*geometry detected driver: pdftex*
-------------------- Geometry parameters
paper: class default
landscape: --
twocolumn: --
twoside: --
asymmetric: --
h-parts: 92.14519pt, 0.7\paperwidth , 92.14519pt (default)
v-parts: 95.39737pt, 0.7\paperheight , 143.09605pt (default)
hmarginratio: 1:1
vmarginratio: 2:3
lines: --
heightrounded: --
bindingoffset: 0.0pt
truedimen: --
includehead: --
includefoot: --
includemp: --
driver: pdftex
-------------------- Page layout dimensions and switches
\paperwidth  614.295pt
\paperheight 794.96999pt
\textwidth  430.00462pt
\textheight 556.47656pt
\oddsidemargin  19.8752pt
\evensidemargin 19.8752pt
\topmargin  -13.87262pt
\headheight 12.0pt
\headsep    25.0pt
\footskip   30.0pt
\marginparwidth 65.0pt
\marginparsep   11.0pt
\columnsep  10.0pt
\skip\footins  9.0pt plus 4.0pt minus 2.0pt
\hoffset 0.0pt
\voffset 0.0pt
\mag 1000

(1in=72.27pt, 1cm=28.45pt)
-----------------------
(/usr/local/texlive/2009basic/texmf-dist/tex/context/base/supp-pdf.mkii
[Loading MPS to PDF converter (version 2006.09.02).]
\scratchcounter=\count92
\scratchdimen=\dimen109
\scratchbox=\box26
\nofMPsegments=\count93
\nofMParguments=\count94
\everyMPshowfont=\toks17
\MPscratchCnt=\count95
\MPscratchDim=\dimen110
\MPnumerator=\count96
\everyMPtoPDFconversion=\toks18
) (/Users/type/Library/texmf/tex/latex/apa/english.apc
File: english.apc 2009/03/01 v4.05 apacite language file
LaTeX Info: Redefining \BPBI on input line 119.
LaTeX Info: Redefining \BHBI on input line 120.

NOT AUSTRALIAN!!!
)
LaTeX Font Info:    Try loading font information for U+msa on input line 26.
 (/usr/local/texlive/2009basic/texmf-dist/tex/latex/amsfonts/umsa.fd
File: umsa.fd 2009/06/22 v3.00 AMS symbols A
)
LaTeX Font Info:    Try loading font information for U+msb on input line 26.

(/usr/local/texlive/2009basic/texmf-dist/tex/latex/amsfonts/umsb.fd
File: umsb.fd 2009/06/22 v3.00 AMS symbols B
) [1

{/usr/local/texlive/2009basic/texmf-var/fonts/map/pdftex/updmap/pdftex.map}]
No file eqs.bbl.
(./eqs.aux) ) 
Here is how much of TeX's memory you used:
 2284 strings out of 494725
 31613 string characters out of 3170733
 87307 words of memory out of 3000000
 5470 multiletter control sequences out of 15000+200000
 10629 words of font info for 42 fonts, out of 3000000 for 9000
 188 hyphenation exceptions out of 8191
 41i,6n,24p,256b,189s stack positions out of 5000i,500n,10000p,200000b,50000s
</usr/local/texlive/2009basic/texmf-dist/fonts/type1/public/amsfon
ts/cm/cmex10.pfb></usr/local/texlive/2009basic/texmf-dist/fonts/type1/public/am
sfonts/cm/cmmi10.pfb></usr/local/texlive/2009basic/texmf-dist/fonts/type1/publi
c/amsfonts/cm/cmmi7.pfb></usr/local/texlive/2009basic/texmf-dist/fonts/type1/pu
blic/amsfonts/cm/cmr10.pfb></usr/local/texlive/2009basic/texmf-dist/fonts/type1
/public/amsfonts/cm/cmr12.pfb></usr/local/texlive/2009basic/texmf-dist/fonts/ty
pe1/public/amsfonts/cm/cmr17.pfb></usr/local/texlive/2009basic/texmf-dist/fonts
/type1/public/amsfonts/cm/cmr5.pfb></usr/local/texlive/2009basic/texmf-dist/fon
ts/type1/public/amsfonts/cm/cmr7.pfb></usr/local/texlive/2009basic/texmf-dist/f
onts/type1/public/amsfonts/cm/cmsy10.pfb></usr/local/texlive/2009basic/texmf-di
st/fonts/type1/public/amsfonts/cm/cmti10.pfb>
Output written on eqs.pdf (1 page, 101409 bytes).
PDF statistics:
 46 PDF objects out of 1000 (max. 8388607)
 0 named destinations out of 1000 (max. 500000)
 1 words of extra memory for PDF output out of 10000 (max. 10000000)

