This is pdfTeX, Version 3.1415926-2.3-1.40.12 (TeX Live 2011) (format=pdflatex 2011.7.3)  30 OCT 2012 17:28
entering extended mode
 restricted \write18 enabled.
 %&-line parsing enabled.
**main.tex
(./main.tex
LaTeX2e <2009/09/24>
Babel <v3.8l> and hyphenation patterns for english, dumylang, nohyphenation, ge
rman-x-2009-06-19, ngerman-x-2009-06-19, afrikaans, ancientgreek, ibycus, arabi
c, armenian, basque, bulgarian, catalan, pinyin, coptic, croatian, czech, danis
h, dutch, ukenglish, usenglishmax, esperanto, estonian, ethiopic, farsi, finnis
h, french, galician, german, ngerman, swissgerman, monogreek, greek, hungarian,
 icelandic, assamese, bengali, gujarati, hindi, kannada, malayalam, marathi, or
iya, panjabi, tamil, telugu, indonesian, interlingua, irish, italian, kurmanji,
 lao, latin, latvian, lithuanian, mongolian, mongolianlmc, bokmal, nynorsk, pol
ish, portuguese, romanian, russian, sanskrit, serbian, serbianc, slovak, sloven
ian, spanish, swedish, turkish, turkmen, ukrainian, uppersorbian, welsh, loaded
.
(/usr/local/texlive/2011/texmf-dist/tex/latex/base/article.cls
Document Class: article 2007/10/19 v1.4h Standard LaTeX document class
(/usr/local/texlive/2011/texmf-dist/tex/latex/base/size12.clo
File: size12.clo 2007/10/19 v1.4h Standard LaTeX file (size option)
)
\c@part=\count79
\c@section=\count80
\c@subsection=\count81
\c@subsubsection=\count82
\c@paragraph=\count83
\c@subparagraph=\count84
\c@figure=\count85
\c@table=\count86
\abovecaptionskip=\skip41
\belowcaptionskip=\skip42
\bibindent=\dimen102
)
(/usr/local/texlive/2011/texmf-dist/tex/latex/tools/multicol.sty
Package: multicol 2008/12/05 v1.6h multicolumn formatting (FMi)
\c@tracingmulticols=\count87
\mult@box=\box26
\multicol@leftmargin=\dimen103
\c@unbalance=\count88
\c@collectmore=\count89
\doublecol@number=\count90
\multicoltolerance=\count91
\multicolpretolerance=\count92
\full@width=\dimen104
\page@free=\dimen105
\premulticols=\dimen106
\postmulticols=\dimen107
\multicolsep=\skip43
\multicolbaselineskip=\skip44
\partial@page=\box27
\last@line=\box28
\mult@rightbox=\box29
\mult@grightbox=\box30
\mult@gfirstbox=\box31
\mult@firstbox=\box32
\@tempa=\box33
\@tempa=\box34
\@tempa=\box35
\@tempa=\box36
\@tempa=\box37
\@tempa=\box38
\@tempa=\box39
\@tempa=\box40
\@tempa=\box41
\@tempa=\box42
\@tempa=\box43
\@tempa=\box44
\@tempa=\box45
\@tempa=\box46
\@tempa=\box47
\@tempa=\box48
\@tempa=\box49
\c@columnbadness=\count93
\c@finalcolumnbadness=\count94
\last@try=\dimen108
\multicolovershoot=\dimen109
\multicolundershoot=\dimen110
\mult@nat@firstbox=\box50
\colbreak@box=\box51
)
(/usr/local/texlive/2011/texmf-dist/tex/latex/caption/caption.sty
Package: caption 2010/01/09 v3.1m Customizing captions (AR)

(/usr/local/texlive/2011/texmf-dist/tex/latex/caption/caption3.sty
Package: caption3 2010/01/14 v3.1m caption3 kernel (AR)

(/usr/local/texlive/2011/texmf-dist/tex/latex/graphics/keyval.sty
Package: keyval 1999/03/16 v1.13 key=value parser (DPC)
\KV@toks@=\toks14
)
\captionmargin=\dimen111
\captionmargin@=\dimen112
\captionwidth=\dimen113
\caption@indent=\dimen114
\caption@parindent=\dimen115
\caption@hangindent=\dimen116
)
\c@ContinuedFloat=\count95
)
(/Users/type/Library/texmf/tex/latex/csuthesis.2011.sty
\committee=\count96
\cochair=\count97
\captiontype=\count98
\c@appendices=\count99
)
(/usr/local/texlive/2011/texmf-dist/tex/latex/amsfonts/amssymb.sty
Package: amssymb 2009/06/22 v3.00

(/usr/local/texlive/2011/texmf-dist/tex/latex/amsfonts/amsfonts.sty
Package: amsfonts 2009/06/22 v3.00 Basic AMSFonts support
\@emptytoks=\toks15
\symAMSa=\mathgroup4
\symAMSb=\mathgroup5
LaTeX Font Info:    Overwriting math alphabet `\mathfrak' in version `bold'
(Font)                  U/euf/m/n --> U/euf/b/n on input line 96.
))
(/usr/local/texlive/2011/texmf-dist/tex/latex/amscls/amsthm.sty
Package: amsthm 2009/07/02 v2.20.1
\thm@style=\toks16
\thm@bodyfont=\toks17
\thm@headfont=\toks18
\thm@notefont=\toks19
\thm@headpunct=\toks20
\thm@preskip=\skip45
\thm@postskip=\skip46
\thm@headsep=\skip47
\dth@everypar=\toks21
)
(/usr/local/texlive/2011/texmf-dist/tex/latex/amsmath/amsmath.sty
Package: amsmath 2000/07/18 v2.13 AMS math features
\@mathmargin=\skip48

For additional information on amsmath, use the `?' option.
(/usr/local/texlive/2011/texmf-dist/tex/latex/amsmath/amstext.sty
Package: amstext 2000/06/29 v2.01

(/usr/local/texlive/2011/texmf-dist/tex/latex/amsmath/amsgen.sty
File: amsgen.sty 1999/11/30 v2.0
\@emptytoks=\toks22
\ex@=\dimen117
))
(/usr/local/texlive/2011/texmf-dist/tex/latex/amsmath/amsbsy.sty
Package: amsbsy 1999/11/29 v1.2d
\pmbraise@=\dimen118
)
(/usr/local/texlive/2011/texmf-dist/tex/latex/amsmath/amsopn.sty
Package: amsopn 1999/12/14 v2.01 operator names
)
\inf@bad=\count100
LaTeX Info: Redefining \frac on input line 211.
\uproot@=\count101
\leftroot@=\count102
LaTeX Info: Redefining \overline on input line 307.
\classnum@=\count103
\DOTSCASE@=\count104
LaTeX Info: Redefining \ldots on input line 379.
LaTeX Info: Redefining \dots on input line 382.
LaTeX Info: Redefining \cdots on input line 467.
\Mathstrutbox@=\box52
\strutbox@=\box53
\big@size=\dimen119
LaTeX Font Info:    Redeclaring font encoding OML on input line 567.
LaTeX Font Info:    Redeclaring font encoding OMS on input line 568.
\macc@depth=\count105
\c@MaxMatrixCols=\count106
\dotsspace@=\muskip10
\c@parentequation=\count107
\dspbrk@lvl=\count108
\tag@help=\toks23
\row@=\count109
\column@=\count110
\maxfields@=\count111
\andhelp@=\toks24
\eqnshift@=\dimen120
\alignsep@=\dimen121
\tagshift@=\dimen122
\tagwidth@=\dimen123
\totwidth@=\dimen124
\lineht@=\dimen125
\@envbody=\toks25
\multlinegap=\skip49
\multlinetaggap=\skip50
\mathdisplay@stack=\toks26
LaTeX Info: Redefining \[ on input line 2666.
LaTeX Info: Redefining \] on input line 2667.
)
(/usr/local/texlive/2011/texmf-dist/tex/latex/graphics/graphicx.sty
Package: graphicx 1999/02/16 v1.0f Enhanced LaTeX Graphics (DPC,SPQR)

(/usr/local/texlive/2011/texmf-dist/tex/latex/graphics/graphics.sty
Package: graphics 2009/02/05 v1.0o Standard LaTeX Graphics (DPC,SPQR)

(/usr/local/texlive/2011/texmf-dist/tex/latex/graphics/trig.sty
Package: trig 1999/03/16 v1.09 sin cos tan (DPC)
)
(/usr/local/texlive/2011/texmf-dist/tex/latex/latexconfig/graphics.cfg
File: graphics.cfg 2010/04/23 v1.9 graphics configuration of TeX Live
)
Package graphics Info: Driver file: pdftex.def on input line 91.

(/usr/local/texlive/2011/texmf-dist/tex/latex/pdftex-def/pdftex.def
File: pdftex.def 2011/05/27 v0.06d Graphics/color for pdfTeX

(/usr/local/texlive/2011/texmf-dist/tex/generic/oberdiek/infwarerr.sty
Package: infwarerr 2010/04/08 v1.3 Providing info/warning/message (HO)
)
(/usr/local/texlive/2011/texmf-dist/tex/generic/oberdiek/ltxcmds.sty
Package: ltxcmds 2011/04/18 v1.20 LaTeX kernel commands for general use (HO)
)
\Gread@gobject=\count112
))
\Gin@req@height=\dimen126
\Gin@req@width=\dimen127
)
(/usr/local/texlive/2011/texmf-dist/tex/latex/geometry/geometry.sty
Package: geometry 2010/09/12 v5.6 Page Geometry

(/usr/local/texlive/2011/texmf-dist/tex/generic/oberdiek/ifpdf.sty
Package: ifpdf 2011/01/30 v2.3 Provides the ifpdf switch (HO)
Package ifpdf Info: pdfTeX in PDF mode is detected.
)
(/usr/local/texlive/2011/texmf-dist/tex/generic/oberdiek/ifvtex.sty
Package: ifvtex 2010/03/01 v1.5 Switches for detecting VTeX and its modes (HO)
Package ifvtex Info: VTeX not detected.
)
(/usr/local/texlive/2011/texmf-dist/tex/generic/ifxetex/ifxetex.sty
Package: ifxetex 2010/09/12 v0.6 Provides ifxetex conditional
)
\Gm@cnth=\count113
\Gm@cntv=\count114
\c@Gm@tempcnt=\count115
\Gm@bindingoffset=\dimen128
\Gm@wd@mp=\dimen129
\Gm@odd@mp=\dimen130
\Gm@even@mp=\dimen131
\Gm@layoutwidth=\dimen132
\Gm@layoutheight=\dimen133
\Gm@layouthoffset=\dimen134
\Gm@layoutvoffset=\dimen135
\Gm@dimlist=\toks27
)
(/usr/local/texlive/2011/texmf-dist/tex/latex/hyperref/hyperref.sty
Package: hyperref 2011/04/17 v6.82g Hypertext links for LaTeX

(/usr/local/texlive/2011/texmf-dist/tex/generic/oberdiek/hobsub-hyperref.sty
Package: hobsub-hyperref 2011/04/23 v1.4 Bundle oberdiek, subset hyperref (HO)

(/usr/local/texlive/2011/texmf-dist/tex/generic/oberdiek/hobsub-generic.sty
Package: hobsub-generic 2011/04/23 v1.4 Bundle oberdiek, subset generic (HO)
Package: hobsub 2011/04/23 v1.4 Subsetting bundle oberdiek (HO)
Package hobsub Info: Skipping package `infwarerr' (already loaded).
Package hobsub Info: Skipping package `ltxcmds' (already loaded).
Package: ifluatex 2010/03/01 v1.3 Provides the ifluatex switch (HO)
Package ifluatex Info: LuaTeX not detected.
Package hobsub Info: Skipping package `ifvtex' (already loaded).
Package: intcalc 2007/09/27 v1.1 Expandable integer calculations (HO)
Package hobsub Info: Skipping package `ifpdf' (already loaded).
Package: etexcmds 2011/02/16 v1.5 Prefix for e-TeX command names (HO)
Package etexcmds Info: Could not find \expanded.
(etexcmds)             That can mean that you are not using pdfTeX 1.50 or
(etexcmds)             that some package has redefined \expanded.
(etexcmds)             In the latter case, load this package earlier.
Package: kvsetkeys 2011/04/07 v1.13 Key value parser (HO)
Package: kvdefinekeys 2011/04/07 v1.3 Defining keys (HO)
Package: pdftexcmds 2011/04/22 v0.16 Utilities of pdfTeX for LuaTeX (HO)
Package pdftexcmds Info: LuaTeX not detected.
Package pdftexcmds Info: \pdf@primitive is available.
Package pdftexcmds Info: \pdf@ifprimitive is available.
Package pdftexcmds Info: \pdfdraftmode found.
Package: pdfescape 2011/04/04 v1.12 Provides string conversions (HO)
Package: bigintcalc 2011/01/30 v1.2 Expandable big integer calculations (HO)
Package: bitset 2011/01/30 v1.1 Data type bit set (HO)
Package: uniquecounter 2011/01/30 v1.2 Provides unlimited unique counter (HO)
)
Package hobsub Info: Skipping package `hobsub' (already loaded).
Package: letltxmacro 2010/09/02 v1.4 Let assignment for LaTeX macros (HO)
Package: hopatch 2011/01/30 v1.0 Wrapper for package hooks (HO)
Package: xcolor-patch 2011/01/30 xcolor patch
Package: atveryend 2011/04/23 v1.7 Hooks at very end of document (HO)
Package atveryend Info: \enddocument detected (standard).
Package: atbegshi 2011/01/30 v1.15 At begin shipout hook (HO)
Package: refcount 2010/12/01 v3.2 Data extraction from references (HO)
Package: hycolor 2011/01/30 v1.7 Color options of hyperref/bookmark (HO)
)
(/usr/local/texlive/2011/texmf-dist/tex/latex/oberdiek/kvoptions.sty
Package: kvoptions 2010/12/23 v3.10 Keyval support for LaTeX options (HO)
)
\@linkdim=\dimen136
\Hy@linkcounter=\count116
\Hy@pagecounter=\count117

(/usr/local/texlive/2011/texmf-dist/tex/latex/hyperref/pd1enc.def
File: pd1enc.def 2011/04/17 v6.82g Hyperref: PDFDocEncoding definition (HO)
)
\Hy@SavedSpaceFactor=\count118

(/usr/local/texlive/2011/texmf-dist/tex/latex/latexconfig/hyperref.cfg
File: hyperref.cfg 2002/06/06 v1.2 hyperref configuration of TeXLive
)
Package hyperref Info: Hyper figures OFF on input line 4026.
Package hyperref Info: Link nesting OFF on input line 4031.
Package hyperref Info: Hyper index ON on input line 4034.
Package hyperref Info: Plain pages OFF on input line 4041.
Package hyperref Info: Backreferencing OFF on input line 4046.
Package hyperref Info: Implicit mode ON; LaTeX internals redefined.
Package hyperref Info: Bookmarks ON on input line 4264.
\c@Hy@tempcnt=\count119

(/usr/local/texlive/2011/texmf-dist/tex/latex/url/url.sty
\Urlmuskip=\muskip11
Package: url 2006/04/12  ver 3.3  Verb mode for urls, etc.
)
LaTeX Info: Redefining \url on input line 4617.
\Fld@menulength=\count120
\Field@Width=\dimen137
\Fld@charsize=\dimen138
Package hyperref Info: Hyper figures OFF on input line 5701.
Package hyperref Info: Link nesting OFF on input line 5706.
Package hyperref Info: Hyper index ON on input line 5709.
Package hyperref Info: backreferencing OFF on input line 5716.
Package hyperref Info: Link coloring OFF on input line 5721.
Package hyperref Info: Link coloring with OCG OFF on input line 5726.
Package hyperref Info: PDF/A mode OFF on input line 5731.
LaTeX Info: Redefining \ref on input line 5771.
LaTeX Info: Redefining \pageref on input line 5775.
\Hy@abspage=\count121
\c@Item=\count122
\c@Hfootnote=\count123
)

Package hyperref Message: Driver (autodetected): hpdftex.

(/usr/local/texlive/2011/texmf-dist/tex/latex/hyperref/hpdftex.def
File: hpdftex.def 2011/04/17 v6.82g Hyperref driver for pdfTeX
\Fld@listcount=\count124
\c@bookmark@seq@number=\count125

(/usr/local/texlive/2011/texmf-dist/tex/latex/oberdiek/rerunfilecheck.sty
Package: rerunfilecheck 2011/04/15 v1.7 Rerun checks for auxiliary files (HO)
Package uniquecounter Info: New unique counter `rerunfilecheck' on input line 2
82.
)
\Hy@SectionHShift=\skip51
)
(/usr/local/texlive/2011/texmf-dist/tex/latex/natbib/natbib.sty
Package: natbib 2010/09/13 8.31b (PWD, AO)
\bibhang=\skip52
\bibsep=\skip53
LaTeX Info: Redefining \cite on input line 694.
\c@NAT@ctr=\count126
)
(/usr/local/texlive/2011/texmf-dist/tex/latex/tools/longtable.sty
Package: longtable 2004/02/01 v4.11 Multi-page Table package (DPC)
\LTleft=\skip54
\LTright=\skip55
\LTpre=\skip56
\LTpost=\skip57
\LTchunksize=\count127
\LTcapwidth=\dimen139
\LT@head=\box54
\LT@firsthead=\box55
\LT@foot=\box56
\LT@lastfoot=\box57
\LT@cols=\count128
\LT@rows=\count129
\c@LT@tables=\count130
\c@LT@chunks=\count131
\LT@p@ftn=\toks28
)
\c@theorem=\count132
 (./main.aux
(./intro.aux) (./chap2.aux) (./chap3.aux

LaTeX Warning: Label `sec:task_and_models' multiply defined.

) (./discussion.aux))
\openout1 = `main.aux'.

LaTeX Font Info:    Checking defaults for OML/cmm/m/it on input line 95.
LaTeX Font Info:    ... okay on input line 95.
LaTeX Font Info:    Checking defaults for T1/cmr/m/n on input line 95.
LaTeX Font Info:    ... okay on input line 95.
LaTeX Font Info:    Checking defaults for OT1/cmr/m/n on input line 95.
LaTeX Font Info:    ... okay on input line 95.
LaTeX Font Info:    Checking defaults for OMS/cmsy/m/n on input line 95.
LaTeX Font Info:    ... okay on input line 95.
LaTeX Font Info:    Checking defaults for OMX/cmex/m/n on input line 95.
LaTeX Font Info:    ... okay on input line 95.
LaTeX Font Info:    Checking defaults for U/cmr/m/n on input line 95.
LaTeX Font Info:    ... okay on input line 95.
LaTeX Font Info:    Checking defaults for PD1/pdf/m/n on input line 95.
LaTeX Font Info:    ... okay on input line 95.
Package caption Info: Begin \AtBeginDocument code.
Package caption Info: hyperref package is loaded.
Package caption Info: longtable package is loaded.

(/usr/local/texlive/2011/texmf-dist/tex/latex/caption/ltcaption.sty
Package: ltcaption 2008/03/28 v1.2 longtable captions (AR)
)
Package caption Info: End \AtBeginDocument code.

(/usr/local/texlive/2011/texmf-dist/tex/context/base/supp-pdf.mkii
[Loading MPS to PDF converter (version 2006.09.02).]
\scratchcounter=\count133
\scratchdimen=\dimen140
\scratchbox=\box58
\nofMPsegments=\count134
\nofMParguments=\count135
\everyMPshowfont=\toks29
\MPscratchCnt=\count136
\MPscratchDim=\dimen141
\MPnumerator=\count137
\makeMPintoPDFobject=\count138
\everyMPtoPDFconversion=\toks30
) (/usr/local/texlive/2011/texmf-dist/tex/latex/oberdiek/epstopdf-base.sty
Package: epstopdf-base 2010/02/09 v2.5 Base part for package epstopdf

(/usr/local/texlive/2011/texmf-dist/tex/latex/oberdiek/grfext.sty
Package: grfext 2010/08/19 v1.1 Managing graphics extensions (HO)
)
Package grfext Info: Graphics extension search list:
(grfext)             [.png,.pdf,.jpg,.mps,.jpeg,.jbig2,.jb2,.PNG,.PDF,.JPG,.JPE
G,.JBIG2,.JB2,.eps]
(grfext)             \AppendGraphicsExtensions on input line 452.

(/usr/local/texlive/2011/texmf-dist/tex/latex/latexconfig/epstopdf-sys.cfg
File: epstopdf-sys.cfg 2010/07/13 v1.3 Configuration of (r)epstopdf for TeX Liv
e
))
*geometry* driver: auto-detecting
*geometry* detected driver: pdftex
*geometry* verbose mode - [ preamble ] result:
* driver: pdftex
* paper: <default>
* layout: <same size as paper>
* layoutoffset:(h,v)=(0.0pt,0.0pt)
* modes: 
* h-part:(L,W,R)=(72.26999pt, 469.75502pt, 72.26999pt)
* v-part:(T,H,B)=(72.26999pt, 650.43001pt, 72.26999pt)
* \paperwidth=614.295pt
* \paperheight=794.96999pt
* \textwidth=469.75502pt
* \textheight=650.43001pt
* \oddsidemargin=0.0pt
* \evensidemargin=0.0pt
* \topmargin=21.68121pt
* \headheight=0.0pt
* \headsep=-21.68121pt
* \topskip=0.0pt
* \footskip=25.29494pt
* \marginparwidth=44.0pt
* \marginparsep=10.0pt
* \columnsep=10.0pt
* \skip\footins=10.8pt plus 4.0pt minus 2.0pt
* \hoffset=0.0pt
* \voffset=0.0pt
* \mag=1000
* \@twocolumnfalse
* \@twosidefalse
* \@mparswitchfalse
* \@reversemarginfalse
* (1in=72.27pt=25.4mm, 1cm=28.453pt)

\AtBeginShipoutBox=\box59
Package hyperref Info: Link coloring OFF on input line 95.
(/usr/local/texlive/2011/texmf-dist/tex/latex/hyperref/nameref.sty
Package: nameref 2010/04/30 v2.40 Cross-referencing by name of section

(/usr/local/texlive/2011/texmf-dist/tex/generic/oberdiek/gettitlestring.sty
Package: gettitlestring 2010/12/03 v1.4 Cleanup title references (HO)
)
\c@section@level=\count139
)
LaTeX Info: Redefining \ref on input line 95.
LaTeX Info: Redefining \pageref on input line 95.
LaTeX Info: Redefining \nameref on input line 95.

(./main.out) (./main.out)
\@outlinefile=\write3
\openout3 = `main.out'.

LaTeX Font Info:    Try loading font information for U+msa on input line 98.

(/usr/local/texlive/2011/texmf-dist/tex/latex/amsfonts/umsa.fd
File: umsa.fd 2009/06/22 v3.00 AMS symbols A
)
LaTeX Font Info:    Try loading font information for U+msb on input line 98.

(/usr/local/texlive/2011/texmf-dist/tex/latex/amsfonts/umsb.fd
File: umsb.fd 2009/06/22 v3.00 AMS symbols B
) [1

{/usr/local/texlive/2011/texmf-var/fonts/map/pdftex/updmap/pdftex.map}] (./abst
ract.tex

Package hyperref Warning: bookmark level for unknown text defaults to 0.

[2]) (./thanks.tex

Package hyperref Warning: Token not allowed in a PDF string (PDFDocEncoding):
(hyperref)                removing `\uppercase' on input line 1.

[3]) [4] (./main.toc)
\tf@toc=\write4
\openout4 = `main.toc'.

 [5] (./main.lot)
\tf@lot=\write5
\openout5 = `main.lot'.

 [6] (./main.lof [7] [8])
\tf@lof=\write6
\openout6 = `main.lof'.

 [9]
\openout2 = `intro.aux'.


(./intro.tex [1

] [2] [3] [4] [5] [6]
Overfull \hbox (1.4762pt too wide) in paragraph at lines 44--45
[]\OT1/cmr/m/n/12 Intact dopamine pro-jec-tions and stri-atal func-tion is nec-
es-sary for rapid stimulus-response
 []


Overfull \hbox (1.57204pt too wide) in paragraph at lines 44--45
\OT1/cmr/m/n/12 Com-plete le-sions of the stria-tum also pre-vent stimulus-resp
onse learn-ing ([]Packard and Knowl-
 []

[7] [8]
Missing character: There is no â in font cmr12!
Missing character: There is no € in font cmr12!
Missing character: There is no ™ in font cmr12!

Overfull \hbox (3.11229pt too wide) in paragraph at lines 61--62
\OT1/cmr/m/n/12 The hy-poth-e-sis that re-wards are rep-re-sented as cat-e-gori
es in the brain as-sumes that dopamine,
 []

[9] [10] [11] [12] [13] [14] [15] [16] [17] [18] [19] [20])
\openout2 = `chap2.aux'.

 (./chap2.tex
[21



] [22] <f_task.png, id=1099, 1027.84pt x 770.88pt>
File: f_task.png Graphic file (type png)
 <use f_task.png>
Package pdftex.def Info: f_task.png used on input line 22.
(pdftex.def)             Requested size: 468.0pt x 350.99797pt.
 [23]
<f_II.pdf, id=1105, 289.08pt x 216.81pt>
File: f_II.pdf Graphic file (type pdf)
 <use f_II.pdf>
Package pdftex.def Info: f_II.pdf used on input line 29.
(pdftex.def)             Requested size: 289.07928pt x 216.80946pt.

<f_all_sS_acc.pdf, id=1106, 289.08pt x 505.89pt>
File: f_all_sS_acc.pdf Graphic file (type pdf)
 <use f_all_sS_acc.pdf>
Package pdftex.def Info: f_all_sS_acc.pdf used on input line 37.
(pdftex.def)             Requested size: 289.07928pt x 505.88875pt.

<f_all_sS_rt.pdf, id=1107, 289.08pt x 505.89pt>
File: f_all_sS_rt.pdf Graphic file (type pdf)
 <use f_all_sS_rt.pdf>
Package pdftex.def Info: f_all_sS_rt.pdf used on input line 44.
(pdftex.def)             Requested size: 289.07928pt x 505.88875pt.
 [24 <./f_task.png>] [25 <./f_II.pdf>] [26 <./f_all_sS_acc.pdf>] [27 <./f_all_s
S_rt.pdf>] <f_all_mean_acc.pdf, id=1259, 144.54pt x 144.54pt>
File: f_all_mean_acc.pdf Graphic file (type pdf)
 <use f_all_mean_acc.pdf>
Package pdftex.def Info: f_all_mean_acc.pdf used on input line 55.
(pdftex.def)             Requested size: 144.53963pt x 144.53963pt.

<f_all_mean_rt.pdf, id=1260, 144.54pt x 144.54pt>
File: f_all_mean_rt.pdf Graphic file (type pdf)
 <use f_all_mean_rt.pdf>
Package pdftex.def Info: f_all_mean_rt.pdf used on input line 62.
(pdftex.def)             Requested size: 144.53963pt x 144.53963pt.

[28 <./f_all_mean_acc.pdf>] [29 <./f_all_mean_rt.pdf>] [30]

Package amsmath Warning: Foreign command \over;
(amsmath)                \frac or \genfrac should be used instead
(amsmath)                 on input line 122.

[31] <f_logL.pdf, id=1377, 216.81pt x 144.54pt>
File: f_logL.pdf Graphic file (type pdf)
 <use f_logL.pdf>
Package pdftex.def Info: f_logL.pdf used on input line 138.
(pdftex.def)             Requested size: 216.80946pt x 144.53963pt.

<f_alpha.pdf, id=1378, 216.81pt x 144.54pt>
File: f_alpha.pdf Graphic file (type pdf)
 <use f_alpha.pdf>
Package pdftex.def Info: f_alpha.pdf used on input line 145.
(pdftex.def)             Requested size: 216.80946pt x 144.53963pt.

<f_beta.pdf, id=1379, 216.81pt x 144.54pt>
File: f_beta.pdf Graphic file (type pdf)
 <use f_beta.pdf>
Package pdftex.def Info: f_beta.pdf used on input line 152.
(pdftex.def)             Requested size: 216.80946pt x 144.53963pt.
 [32 <./f_logL.pdf>] [33 <./f_alpha.pdf> <./f_beta.pdf>] [34]
<f_rpe_acc.pdf, id=1445, 433.62pt x 867.24pt>
File: f_rpe_acc.pdf Graphic file (type pdf)
 <use f_rpe_acc.pdf>
Package pdftex.def Info: f_rpe_acc.pdf used on input line 169.
(pdftex.def)             Requested size: 281.85587pt x 563.73903pt.


LaTeX Warning: Float too large for page by 19.29893pt on input line 173.

<f_rpe_gl.pdf, id=1446, 433.62pt x 867.24pt>
File: f_rpe_gl.pdf Graphic file (type pdf)
 <use f_rpe_gl.pdf>
Package pdftex.def Info: f_rpe_gl.pdf used on input line 175.
(pdftex.def)             Requested size: 281.85587pt x 563.73903pt.


LaTeX Warning: Float too large for page by 19.29893pt on input line 179.

<f_value_acc.pdf, id=1447, 433.62pt x 867.24pt>
File: f_value_acc.pdf Graphic file (type pdf)
 <use f_value_acc.pdf>
Package pdftex.def Info: f_value_acc.pdf used on input line 182.
(pdftex.def)             Requested size: 281.85587pt x 563.73903pt.


LaTeX Warning: Float too large for page by 19.29893pt on input line 186.

<f_value_gl.pdf, id=1448, 433.62pt x 867.24pt>
File: f_value_gl.pdf Graphic file (type pdf)
 <use f_value_gl.pdf>
Package pdftex.def Info: f_value_gl.pdf used on input line 188.
(pdftex.def)             Requested size: 281.85587pt x 563.73903pt.


LaTeX Warning: Float too large for page by 19.29893pt on input line 192.

<f_density_rpe.pdf, id=1449, 433.62pt x 216.81pt>
File: f_density_rpe.pdf Graphic file (type pdf)
 <use f_density_rpe.pdf>
Package pdftex.def Info: f_density_rpe.pdf used on input line 194.
(pdftex.def)             Requested size: 433.61894pt x 216.80946pt.

<f_density_value.pdf, id=1450, 433.62pt x 216.81pt>
File: f_density_value.pdf Graphic file (type pdf)
 <use f_density_value.pdf>
Package pdftex.def Info: f_density_value.pdf used on input line 201.
(pdftex.def)             Requested size: 433.61894pt x 216.80946pt.

[35] [36 <./f_rpe_acc.pdf>] [37 <./f_rpe_gl.pdf>] [38 <./f_value_acc.pdf>]
[39 <./f_value_gl.pdf>] [40 <./f_density_rpe.pdf> <./f_density_value.pdf>])
\openout2 = `chap3.aux'.


(./chap3.tex [41



] [42] [43] <f_map_gl_p05.pdf, id=1607, 803.0pt x 602.25pt>
File: f_map_gl_p05.pdf Graphic file (type pdf)

<use f_map_gl_p05.pdf>
Package pdftex.def Info: f_map_gl_p05.pdf used on input line 30.
(pdftex.def)             Requested size: 468.0pt x 351.00531pt.

<f_map_gl_raw_t.pdf, id=1610, 388.45125pt x 563.10374pt>
File: f_map_gl_raw_t.pdf Graphic file (type pdf)

<use f_map_gl_raw_t.pdf>
Package pdftex.def Info: f_map_gl_raw_t.pdf used on input line 37.
(pdftex.def)             Requested size: 388.45029pt x 563.10237pt.
 <f_map_gxl_p05.pdf, id=1611, 803.0pt x 602.25pt>
File: f_map_gxl_p05.pdf Graphic file (type pdf)

<use f_map_gxl_p05.pdf>
Package pdftex.def Info: f_map_gxl_p05.pdf used on input line 44.
(pdftex.def)             Requested size: 468.0pt x 351.00531pt.
 [44] [45 <./f_map_gl_p05.pdf>] [46 <./f_map_gl_raw_t.pdf>] [47 <./f_map_gxl_p0
5.pdf>] [48] [49] [50] [51] [52] [53] [54]
Underfull \hbox (badness 1681) in paragraph at lines 115--115
[]|\OT1/cmr/m/n/12 Reward pre-dic-tion er-ror - de-
 []


Underfull \hbox (badness 10000) in paragraph at lines 125--125
[]|\OT1/cmr/m/n/12 Outcome sim-i-lar-ity (ex-po-nen-
 []

[55] [56] [57] [58]
<f_meanbar_run4_c_aic_w_bilat_Caudate.pdf, id=1892, 433.62pt x 433.62pt>
File: f_meanbar_run4_c_aic_w_bilat_Caudate.pdf Graphic file (type pdf)

<use f_meanbar_run4_c_aic_w_bilat_Caudate.pdf>
Package pdftex.def Info: f_meanbar_run4_c_aic_w_bilat_Caudate.pdf used on input
 line 154.
(pdftex.def)             Requested size: 468.0pt x 468.02473pt.

<f_plot_run4_c_fvalue_bilat_Caudate.pdf, id=1895, 433.62pt x 433.62pt>
File: f_plot_run4_c_fvalue_bilat_Caudate.pdf Graphic file (type pdf)

<use f_plot_run4_c_fvalue_bilat_Caudate.pdf>
Package pdftex.def Info: f_plot_run4_c_fvalue_bilat_Caudate.pdf used on input l
ine 160.
(pdftex.def)             Requested size: 468.0pt x 468.02473pt.

<f_meanbar_run4_c_aic_w_bilat_Putamen.pdf, id=1898, 433.62pt x 433.62pt>
File: f_meanbar_run4_c_aic_w_bilat_Putamen.pdf Graphic file (type pdf)

<use f_meanbar_run4_c_aic_w_bilat_Putamen.pdf>
Package pdftex.def Info: f_meanbar_run4_c_aic_w_bilat_Putamen.pdf used on input
 line 167.
(pdftex.def)             Requested size: 468.0pt x 468.02473pt.

<f_plot_run4_c_fvalue_bilat_Putamen.pdf, id=1901, 433.62pt x 433.62pt>
File: f_plot_run4_c_fvalue_bilat_Putamen.pdf Graphic file (type pdf)

<use f_plot_run4_c_fvalue_bilat_Putamen.pdf>
Package pdftex.def Info: f_plot_run4_c_fvalue_bilat_Putamen.pdf used on input l
ine 173.
(pdftex.def)             Requested size: 468.0pt x 468.02473pt.

<f_meanbar_run4_c_aic_w_bilat_Accumbens.pdf, id=1904, 433.62pt x 433.62pt>
File: f_meanbar_run4_c_aic_w_bilat_Accumbens.pdf Graphic file (type pdf)

<use f_meanbar_run4_c_aic_w_bilat_Accumbens.pdf>
Package pdftex.def Info: f_meanbar_run4_c_aic_w_bilat_Accumbens.pdf used on inp
ut line 183.
(pdftex.def)             Requested size: 468.0pt x 468.02473pt.

<f_plot_run4_c_fvalue_bilat_Accumbens.pdf, id=1907, 433.62pt x 433.62pt>
File: f_plot_run4_c_fvalue_bilat_Accumbens.pdf Graphic file (type pdf)

<use f_plot_run4_c_fvalue_bilat_Accumbens.pdf>
Package pdftex.def Info: f_plot_run4_c_fvalue_bilat_Accumbens.pdf used on input
 line 189.
(pdftex.def)             Requested size: 468.0pt x 468.02473pt.
 [59] [60 <./f_meanbar_run4_c_aic_w_bilat_Caudate.pdf>] [61 <./f_plot_run4_c_fv
alue_bilat_Caudate.pdf>] [62 <./f_meanbar_run4_c_aic_w_bilat_Putamen.pdf>] [63 
<./f_plot_run4_c_fvalue_bilat_Putamen.pdf>] [64 <./f_meanbar_run4_c_aic_w_bilat
_Accumbens.pdf>] [65 <./f_plot_run4_c_fvalue_bilat_Accumbens.pdf>]
<f_meanbar_run4_c_aic_w_Insular_Cortex.pdf, id=2000, 433.62pt x 252.945pt>
File: f_meanbar_run4_c_aic_w_Insular_Cortex.pdf Graphic file (type pdf)

<use f_meanbar_run4_c_aic_w_Insular_Cortex.pdf>
Package pdftex.def Info: f_meanbar_run4_c_aic_w_Insular_Cortex.pdf used on inpu
t line 208.
(pdftex.def)             Requested size: 468.0pt x 273.01442pt.

<f_plot_run4_c_fvalue_Insular_Cortex.pdf, id=2003, 433.62pt x 252.945pt>
File: f_plot_run4_c_fvalue_Insular_Cortex.pdf Graphic file (type pdf)

<use f_plot_run4_c_fvalue_Insular_Cortex.pdf>
Package pdftex.def Info: f_plot_run4_c_fvalue_Insular_Cortex.pdf used on input 
line 214.
(pdftex.def)             Requested size: 468.0pt x 273.01442pt.

<f_meanbar_run4_c_aic_w_Cingulate_Gyrus_anterior_division.pdf, id=2006, 433.62p
t x 252.945pt>
File: f_meanbar_run4_c_aic_w_Cingulate_Gyrus_anterior_division.pdf Graphic file
 (type pdf)

<use f_meanbar_run4_c_aic_w_Cingulate_Gyrus_anterior_division.pdf>
Package pdftex.def Info: f_meanbar_run4_c_aic_w_Cingulate_Gyrus_anterior_divisi
on.pdf used on input line 224.
(pdftex.def)             Requested size: 468.0pt x 273.01442pt.

<f_plot_run4_c_fvalue_Cingulate_Gyrus_anterior_division.pdf, id=2009, 433.62pt 
x 252.945pt>
File: f_plot_run4_c_fvalue_Cingulate_Gyrus_anterior_division.pdf Graphic file (
type pdf)
 <use f_plot_run4_c_fvalue_Cingulate_Gyrus_anterior_division.pdf>
Package pdftex.def Info: f_plot_run4_c_fvalue_Cingulate_Gyrus_anterior_division
.pdf used on input line 230.
(pdftex.def)             Requested size: 468.0pt x 273.01442pt.

<f_meanbar_run4_c_aic_w_Cingulate_Gyrus_posterior_division.pdf, id=2012, 433.62
pt x 252.945pt>
File: f_meanbar_run4_c_aic_w_Cingulate_Gyrus_posterior_division.pdf Graphic fil
e (type pdf)

<use f_meanbar_run4_c_aic_w_Cingulate_Gyrus_posterior_division.pdf>
Package pdftex.def Info: f_meanbar_run4_c_aic_w_Cingulate_Gyrus_posterior_divis
ion.pdf used on input line 240.
(pdftex.def)             Requested size: 468.0pt x 273.01442pt.

<f_plot_run4_c_fvalue_Cingulate_Gyrus_posterior_division.pdf, id=2015, 433.62pt
 x 252.945pt>
File: f_plot_run4_c_fvalue_Cingulate_Gyrus_posterior_division.pdf Graphic file 
(type pdf)

<use f_plot_run4_c_fvalue_Cingulate_Gyrus_posterior_division.pdf>
Package pdftex.def Info: f_plot_run4_c_fvalue_Cingulate_Gyrus_posterior_divisio
n.pdf used on input line 246.
(pdftex.def)             Requested size: 468.0pt x 273.01442pt.

<f_meanbar_run4_c_aic_w_Frontal_Orbital_Cortex.pdf, id=2018, 433.62pt x 252.945
pt>
File: f_meanbar_run4_c_aic_w_Frontal_Orbital_Cortex.pdf Graphic file (type pdf)

 <use f_meanbar_run4_c_aic_w_Frontal_Orbital_Cortex.pdf>
Package pdftex.def Info: f_meanbar_run4_c_aic_w_Frontal_Orbital_Cortex.pdf used
 on input line 255.
(pdftex.def)             Requested size: 468.0pt x 273.01442pt.

<f_plot_run4_c_fvalue_Frontal_Orbital_Cortex.pdf, id=2021, 433.62pt x 252.945pt
>
File: f_plot_run4_c_fvalue_Frontal_Orbital_Cortex.pdf Graphic file (type pdf)
 <use f_plot_run4_c_fvalue_Frontal_Orbital_Cortex.pdf>
Package pdftex.def Info: f_plot_run4_c_fvalue_Frontal_Orbital_Cortex.pdf used o
n input line 261.
(pdftex.def)             Requested size: 468.0pt x 273.01442pt.

<f_meanbar_run4_c_aic_w_Frontal_Medial_Cortex.pdf, id=2024, 433.62pt x 252.945p
t>
File: f_meanbar_run4_c_aic_w_Frontal_Medial_Cortex.pdf Graphic file (type pdf)
 <use f_meanbar_run4_c_aic_w_Frontal_Medial_Cortex.pdf>
Package pdftex.def Info: f_meanbar_run4_c_aic_w_Frontal_Medial_Cortex.pdf used 
on input line 271.
(pdftex.def)             Requested size: 468.0pt x 273.01442pt.

<f_plot_run4_c_fvalue_Frontal_Medial_Cortex.pdf, id=2027, 433.62pt x 252.945pt>
File: f_plot_run4_c_fvalue_Frontal_Medial_Cortex.pdf Graphic file (type pdf)
<use f_plot_run4_c_fvalue_Frontal_Medial_Cortex.pdf>
Package pdftex.def Info: f_plot_run4_c_fvalue_Frontal_Medial_Cortex.pdf used on
 input line 277.
(pdftex.def)             Requested size: 468.0pt x 273.01442pt.

<f_meanbar_run4_c_aic_w_Middle_Frontal_Gyrus.pdf, id=2030, 433.62pt x 252.945pt
>
File: f_meanbar_run4_c_aic_w_Middle_Frontal_Gyrus.pdf Graphic file (type pdf)
 <use f_meanbar_run4_c_aic_w_Middle_Frontal_Gyrus.pdf>
Package pdftex.def Info: f_meanbar_run4_c_aic_w_Middle_Frontal_Gyrus.pdf used o
n input line 286.
(pdftex.def)             Requested size: 468.0pt x 273.01442pt.

<f_plot_run4_c_fvalue_Middle_Frontal_Gyrus.pdf, id=2033, 433.62pt x 252.945pt>
File: f_plot_run4_c_fvalue_Middle_Frontal_Gyrus.pdf Graphic file (type pdf)

<use f_plot_run4_c_fvalue_Middle_Frontal_Gyrus.pdf>
Package pdftex.def Info: f_plot_run4_c_fvalue_Middle_Frontal_Gyrus.pdf used on 
input line 292.
(pdftex.def)             Requested size: 468.0pt x 273.01442pt.
 [66] [67 <./f_meanbar_run4_c_aic_w_Insular_Cortex.pdf>] [68 <./f_plot_run4_c_f
value_Insular_Cortex.pdf>]
[69 <./f_meanbar_run4_c_aic_w_Cingulate_Gyrus_anterior_division.pdf>] [70 <./f_
plot_run4_c_fvalue_Cingulate_Gyrus_anterior_division.pdf>] [71 <./f_meanbar_run
4_c_aic_w_Cingulate_Gyrus_posterior_division.pdf>] [72 <./f_plot_run4_c_fvalue_
Cingulate_Gyrus_posterior_division.pdf>] [73 <./f_meanbar_run4_c_aic_w_Frontal_
Orbital_Cortex.pdf>] [74 <./f_plot_run4_c_fvalue_Frontal_Orbital_Cortex.pdf>]
[75 <./f_meanbar_run4_c_aic_w_Frontal_Medial_Cortex.pdf>] [76 <./f_plot_run4_c_
fvalue_Frontal_Medial_Cortex.pdf>] [77 <./f_meanbar_run4_c_aic_w_Middle_Frontal
_Gyrus.pdf>] [78 <./f_plot_run4_c_fvalue_Middle_Frontal_Gyrus.pdf>])
\openout2 = `discussion.aux'.


(./discussion.tex [79



] [80] [81]
Overfull \hbox (3.12491pt too wide) in paragraph at lines 29--30
\OT1/cmr/m/n/12 dopamin-er-gic pro-jec-tions from the VTA/SNc that mod-u-late L
TP via D1 re-cep-tors ([]Schweimer
 []

[82] [83] [84] [85] [86] [87]) (./main.bbl [88


] [89] [90] [91] [92] [93]
[94] [95] [96] [97] [98] [99] [100])

Package hyperref Warning: Token not allowed in a PDF string (PDFDocEncoding):
(hyperref)                removing `\uppercase' on input line 112.

Package atveryend Info: Empty hook `BeforeClearDocument' on input line 115.
[101]
Package atveryend Info: Empty hook `AfterLastShipout' on input line 115.
 (./main.aux (./intro.aux) (./chap2.aux) (./chap3.aux) (./discussion.aux))
Package atveryend Info: Executing hook `AtVeryEndDocument' on input line 115.
Package atveryend Info: Executing hook `AtEndAfterFileList' on input line 115.
Package rerunfilecheck Info: File `main.out' has not changed.
(rerunfilecheck)             Checksum: 09E3AD2F34D5C5681B873D529AA57FDA;3777.

LaTeX Warning: There were multiply-defined labels.

Package atveryend Info: Empty hook `AtVeryVeryEnd' on input line 115.
 ) 
Here is how much of TeX's memory you used:
 9290 strings out of 493633
 145315 string characters out of 3143378
 259679 words of memory out of 3000000
 11991 multiletter control sequences out of 15000+200000
 11276 words of font info for 45 fonts, out of 3000000 for 9000
 831 hyphenation exceptions out of 8191
 36i,9n,47p,2084b,821s stack positions out of 5000i,500n,10000p,200000b,50000s
pdfTeX warning (dest): name{section*.89} has been referenced but does not exi
st, replaced by a fixed one

pdfTeX warning (dest): name{section*.88} has been referenced but does not exist
, replaced by a fixed one

pdfTeX warning (dest): name{section*.87} has been referenced but does not exist
, replaced by a fixed one

pdfTeX warning (dest): name{section*.82} has been referenced but does not exist
, replaced by a fixed one

pdfTeX warning (dest): name{section*.80} has been referenced but does not exist
, replaced by a fixed one

pdfTeX warning (dest): name{section*.79} has been referenced but does not exist
, replaced by a fixed one

pdfTeX warning (dest): name{section*.57} has been referenced but does not exist
, replaced by a fixed one

pdfTeX warning (dest): name{section*.50} has been referenced but does not exist
, replaced by a fixed one

pdfTeX warning (dest): name{section*.46} has been referenced but does not exist
, replaced by a fixed one

pdfTeX warning (dest): name{section*.42} has been referenced but does not exist
, replaced by a fixed one

pdfTeX warning (dest): name{section*.41} has been referenced but does not exist
, replaced by a fixed one

pdfTeX warning (dest): name{section*.27} has been referenced but does not exist
, replaced by a fixed one

pdfTeX warning (dest): name{section*.18} has been referenced but does not exist
, replaced by a fixed one

pdfTeX warning (dest): name{section*.17} has been referenced but does not exist
, replaced by a fixed one

pdfTeX warning (dest): name{section*.16} has been referenced but does not exist
, replaced by a fixed one

pdfTeX warning (dest): name{section*.12} has been referenced but does not exist
, replaced by a fixed one

pdfTeX warning (dest): name{section*.11} has been referenced but does not exist
, replaced by a fixed one

pdfTeX warning (dest): name{section*.8} has been referenced but does not exist,
 replaced by a fixed one

pdfTeX warning (dest): name{section*.2} has been referenced but does not exist,
 replaced by a fixed one

pdfTeX warning (dest): name{section*.1} has been referenced but does not exist,
 replaced by a fixed one

</usr/local/texlive/2011/texmf-dist/fonts/type1/public/amsfonts/cm/cmbx12.pfb><
/usr/local/texlive/2011/texmf-dist/fonts/type1/public/amsfonts/cm/cmcsc10.pfb><
/usr/local/texlive/2011/texmf-dist/fonts/type1/public/amsfonts/cm/cmex10.pfb></
usr/local/texlive/2011/texmf-dist/fonts/type1/public/amsfonts/cm/cmmi10.pfb></u
sr/local/texlive/2011/texmf-dist/fonts/type1/public/amsfonts/cm/cmmi12.pfb></us
r/local/texlive/2011/texmf-dist/fonts/type1/public/amsfonts/cm/cmmi5.pfb></usr/
local/texlive/2011/texmf-dist/fonts/type1/public/amsfonts/cm/cmmi6.pfb></usr/lo
cal/texlive/2011/texmf-dist/fonts/type1/public/amsfonts/cm/cmmi7.pfb></usr/loca
l/texlive/2011/texmf-dist/fonts/type1/public/amsfonts/cm/cmmi8.pfb></usr/local/
texlive/2011/texmf-dist/fonts/type1/public/amsfonts/cm/cmr10.pfb></usr/local/te
xlive/2011/texmf-dist/fonts/type1/public/amsfonts/cm/cmr12.pfb></usr/local/texl
ive/2011/texmf-dist/fonts/type1/public/amsfonts/cm/cmr6.pfb></usr/local/texlive
/2011/texmf-dist/fonts/type1/public/amsfonts/cm/cmr7.pfb></usr/local/texlive/20
11/texmf-dist/fonts/type1/public/amsfonts/cm/cmr8.pfb></usr/local/texlive/2011/
texmf-dist/fonts/type1/public/amsfonts/cm/cmsy10.pfb></usr/local/texlive/2011/t
exmf-dist/fonts/type1/public/amsfonts/cm/cmsy7.pfb></usr/local/texlive/2011/tex
mf-dist/fonts/type1/public/amsfonts/cm/cmsy8.pfb></usr/local/texlive/2011/texmf
-dist/fonts/type1/public/amsfonts/cm/cmti12.pfb></usr/local/texlive/2011/texmf-
dist/fonts/type1/public/amsfonts/cm/cmtt10.pfb></usr/local/texlive/2011/texmf-d
ist/fonts/type1/public/amsfonts/cm/cmtt12.pfb>
Output written on main.pdf (110 pages, 2628818 bytes).
PDF statistics:
 2644 PDF objects out of 2984 (max. 8388607)
 2349 compressed objects within 24 object streams
 431 named destinations out of 1000 (max. 500000)
 629 words of extra memory for PDF output out of 10000 (max. 10000000)

