\BOOKMARK [0][-]{Doc-Start}{ABSTRACT}{}% 1
\BOOKMARK [0][-]{Doc-Start}{Acknowledgements}{}% 2
\BOOKMARK [0][-]{Doc-Start}{TABLE OF CONTENTS}{}% 3
\BOOKMARK [1][-]{section*.1}{Introduction}{Doc-Start}% 4
\BOOKMARK [2][-]{section*.2}{Classics, Expectations, and Tissues}{section*.1}% 5
\BOOKMARK [3][-]{section*.3}{A pleasurable start}{section*.2}% 6
\BOOKMARK [3][-]{section*.4}{Networked plausibility}{section*.2}% 7
\BOOKMARK [3][-]{section*.5}{Selecting striatum}{section*.2}% 8
\BOOKMARK [3][-]{section*.6}{Linking with the limbic}{section*.2}% 9
\BOOKMARK [3][-]{section*.7}{Front and center, lateral too}{section*.2}% 10
\BOOKMARK [2][-]{section*.8}{Bad Prediction, No Cookie}{section*.1}% 11
\BOOKMARK [3][-]{section*.9}{Not cortex, colliculus}{section*.8}% 12
\BOOKMARK [3][-]{section*.10}{They want, I want}{section*.8}% 13
\BOOKMARK [2][-]{section*.11}{Thinking About Thinking Rewarding Thoughts}{section*.1}% 14
\BOOKMARK [2][-]{section*.12}{Generally Generalizable.}{section*.1}% 15
\BOOKMARK [3][-]{section*.13}{Needed similarities}{section*.12}% 16
\BOOKMARK [3][-]{section*.14}{Birds do it}{section*.12}% 17
\BOOKMARK [3][-]{section*.15}{Curves and categories}{section*.12}% 18
\BOOKMARK [2][-]{section*.16}{Why Are We Here Again?}{section*.1}% 19
\BOOKMARK [1][-]{section*.17}{Chapter 2 \205 Task and Models}{Doc-Start}% 20
\BOOKMARK [2][-]{section*.18}{On Task}{section*.17}% 21
\BOOKMARK [3][-]{section*.19}{What they did, and when}{section*.18}% 22
\BOOKMARK [3][-]{section*.24}{Well behaved results}{section*.18}% 23
\BOOKMARK [2][-]{section*.27}{3 Models and 2 Codes}{section*.17}% 24
\BOOKMARK [3][-]{section*.28}{Our three models}{section*.27}% 25
\BOOKMARK [3][-]{section*.29}{Codes and fits}{section*.27}% 26
\BOOKMARK [3][-]{section*.30}{The incantations}{section*.27}% 27
\BOOKMARK [3][-]{section*.31}{Fits and plots}{section*.27}% 28
\BOOKMARK [1][-]{section*.41}{Chapter 3 \205 fMRI analyses}{Doc-Start}% 29
\BOOKMARK [2][-]{section*.42}{An Acquisition}{section*.41}% 30
\BOOKMARK [3][-]{section*.43}{Data details}{section*.42}% 31
\BOOKMARK [3][-]{section*.44}{Preprocessed \(model\) food}{section*.42}% 32
\BOOKMARK [3][-]{section*.45}{The best of all possible signals}{section*.42}% 33
\BOOKMARK [2][-]{section*.46}{Mobs of Blobs}{section*.41}% 34
\BOOKMARK [2][-]{section*.50}{Regions and Models}{section*.41}% 35
\BOOKMARK [3][-]{section*.51}{The right chunks}{section*.50}% 36
\BOOKMARK [3][-]{section*.52}{A way to\(o\) many}{section*.50}% 37
\BOOKMARK [3][-]{section*.53}{Information on information}{section*.50}% 38
\BOOKMARK [3][-]{section*.54}{F-them}{section*.50}% 39
\BOOKMARK [3][-]{section*.55}{Code, BOLD, and models.}{section*.50}% 40
\BOOKMARK [3][-]{section*.56}{Our kinds of models}{section*.50}% 41
\BOOKMARK [2][-]{section*.57}{Model Results}{section*.41}% 42
\BOOKMARK [3][-]{section*.58}{From up high}{section*.57}% 43
\BOOKMARK [3][-]{section*.59}{Under cortical}{section*.57}% 44
\BOOKMARK [3][-]{section*.66}{On that thinking sheet}{section*.57}% 45
\BOOKMARK [1][-]{section*.79}{Discussion}{Doc-Start}% 46
\BOOKMARK [2][-]{section*.80}{Taking Us to Can}{section*.79}% 47
\BOOKMARK [3][-]{section*.81}{A fit inconsistency, made consistent}{section*.80}% 48
\BOOKMARK [2][-]{section*.82}{Are, Reflected in Error\(s\)}{section*.79}% 49
\BOOKMARK [3][-]{section*.83}{A known pair's logic}{section*.82}% 50
\BOOKMARK [3][-]{section*.84}{Categories, in all the right spots}{section*.82}% 51
\BOOKMARK [3][-]{section*.85}{Not always categories; not a disagreement}{section*.82}% 52
\BOOKMARK [3][-]{section*.86}{Back to the secondary}{section*.82}% 53
\BOOKMARK [2][-]{section*.87}{The Big Conclusions}{section*.79}% 54
\BOOKMARK [2][-]{section*.88}{Future Work}{section*.79}% 55
\BOOKMARK [0][-]{section*.89}{REFERENCES}{}% 56
